<?xml version="1.0" encoding="UTF-8"?>
<!-- Generated by org.testng.reporters.JUnitReportReporter -->
<testsuite hostname="Amt" failures="0" tests="1" name="test.Test2" time="0.008" errors="0" timestamp="2024-08-03T17:58:36 IST" skipped="0">
  <testcase classname="test.Test2" name="myHomeLoan" time="0.008"/>
  <system-out/>
</testsuite> <!-- test.Test2 -->
