<?xml version="1.0" encoding="UTF-8"?>
<!-- Generated by org.testng.reporters.JUnitReportReporter -->
<testsuite hostname="Amt" failures="0" tests="2" name="test.TestCasePeckageLevelWithRegex" time="0.002" errors="0" timestamp="2024-08-03T17:58:36 IST" skipped="0">
  <testcase classname="test.TestCasePeckageLevelWithRegex" name="plustwoFriend" time="0.000"/>
  <system-out/>
  <testcase classname="test.TestCasePeckageLevelWithRegex" name="engineeringFriend" time="0.002"/>
  <system-out/>
</testsuite> <!-- test.TestCasePeckageLevelWithRegex -->
